2020-07-25 10:56:23.123862
Argentina
2020-02-28 00:00:00
Bolivia
2020-02-28 00:00:00
Brazil
2020-02-28 00:00:00
Chile
2020-02-28 00:00:00
Colombia
2020-02-28 00:00:00
Costa_Rica
2020-02-28 00:00:00
Cuba
2020-02-28 00:00:00
Ecuador
2020-02-28 00:00:00
Guatemala
2020-02-28 00:00:00
Honduras
2020-02-28 00:00:00
Mexico
2020-02-28 00:00:00
Nicaragua
2020-02-28 00:00:00
Paraguay
2020-02-28 00:00:00
Peru
2020-02-28 00:00:00
Dominican_Republic
2020-02-28 00:00:00
Uruguay
2020-02-28 00:00:00
Venezuela
2020-02-28 00:00:00
Argentina
2020-02-29 00:00:00
Bolivia
2020-02-29 00:00:00
Chile
2020-02-29 00:00:00
Colombia
2020-02-29 00:00:00
Costa_Rica
2020-02-29 00:00:00
Cuba
2020-02-29 00:00:00
Guatemala
2020-02-29 00:00:00
Honduras
2020-02-29 00:00:00
Nicaragua
2020-02-29 00:00:00
Paraguay
2020-02-29 00:00:00
Peru
2020-02-29 00:00:00
Uruguay
2020-02-29 00:00:00
Venezuela
2020-02-29 00:00:00
Argentina
2020-03-01 00:00:00
Bolivia
2020-03-01 00:00:00
Chile
2020-03-01 00:00:00
Colombia
2020-03-01 00:00:00
Costa_Rica
2020-03-01 00:00:00
Cuba
2020-03-01 00:00:00
Guatemala
2020-03-01 00:00:00
Honduras
2020-03-01 00:00:00
Nicaragua
2020-03-01 00:00:00
Paraguay
2020-03-01 00:00:00
Peru
2020-03-01 00:00:00
Uruguay
2020-03-01 00:00:00
Venezuela
2020-03-01 00:00:00
Argentina
2020-03-02 00:00:00
Bolivia
2020-03-02 00:00:00
Chile
2020-03-02 00:00:00
Colombia
2020-03-02 00:00:00
Costa_Rica
2020-03-02 00:00:00
Cuba
2020-03-02 00:00:00
Guatemala
2020-03-02 00:00:00
Honduras
2020-03-02 00:00:00
Nicaragua
2020-03-02 00:00:00
Paraguay
2020-03-02 00:00:00
Peru
2020-03-02 00:00:00
Uruguay
2020-03-02 00:00:00
Venezuela
2020-03-02 00:00:00
Argentina
2020-03-03 00:00:00
Bolivia
2020-03-03 00:00:00
Chile
2020-03-03 00:00:00
Colombia
2020-03-03 00:00:00
Costa_Rica
2020-03-03 00:00:00
Cuba
2020-03-03 00:00:00
Guatemala
2020-03-03 00:00:00
Honduras
2020-03-03 00:00:00
Mexico
2020-03-03 00:00:00
Nicaragua
2020-03-03 00:00:00
Paraguay
2020-03-03 00:00:00
Peru
2020-03-03 00:00:00
Dominican_Republic
2020-03-03 00:00:00
Uruguay
2020-03-03 00:00:00
Venezuela
2020-03-03 00:00:00
Bolivia
2020-03-04 00:00:00
Colombia
2020-03-04 00:00:00
Costa_Rica
2020-03-04 00:00:00
Cuba
2020-03-04 00:00:00
Ecuador
2020-03-04 00:00:00
Guatemala
2020-03-04 00:00:00
Honduras
2020-03-04 00:00:00
Mexico
2020-03-04 00:00:00
Nicaragua
2020-03-04 00:00:00
Paraguay
2020-03-04 00:00:00
Peru
2020-03-04 00:00:00
Dominican_Republic
2020-03-04 00:00:00
Uruguay
2020-03-04 00:00:00
Venezuela
2020-03-04 00:00:00
Argentina
2020-03-05 00:00:00
Bolivia
2020-03-05 00:00:00
Colombia
2020-03-05 00:00:00
Costa_Rica
2020-03-05 00:00:00
Cuba
2020-03-05 00:00:00
Guatemala
2020-03-05 00:00:00
Honduras
2020-03-05 00:00:00
Mexico
2020-03-05 00:00:00
Nicaragua
2020-03-05 00:00:00
Paraguay
2020-03-05 00:00:00
Peru
2020-03-05 00:00:00
Dominican_Republic
2020-03-05 00:00:00
Uruguay
2020-03-05 00:00:00
Venezuela
2020-03-05 00:00:00
Bolivia
2020-03-06 00:00:00
Colombia
2020-03-06 00:00:00
Costa_Rica
2020-03-06 00:00:00
Cuba
2020-03-06 00:00:00
Guatemala
2020-03-06 00:00:00
Honduras
2020-03-06 00:00:00
Mexico
2020-03-06 00:00:00
Nicaragua
2020-03-06 00:00:00
Paraguay
2020-03-06 00:00:00
Peru
2020-03-06 00:00:00
Dominican_Republic
2020-03-06 00:00:00
Uruguay
2020-03-06 00:00:00
Venezuela
2020-03-06 00:00:00
Bolivia
2020-03-07 00:00:00
Cuba
2020-03-07 00:00:00
Ecuador
2020-03-07 00:00:00
Guatemala
2020-03-07 00:00:00
Honduras
2020-03-07 00:00:00
Mexico
2020-03-07 00:00:00
Nicaragua
2020-03-07 00:00:00
Paraguay
2020-03-07 00:00:00
Uruguay
2020-03-07 00:00:00
Venezuela
2020-03-07 00:00:00
Bolivia
2020-03-08 00:00:00
Chile
2020-03-08 00:00:00
Colombia
2020-03-08 00:00:00
Costa_Rica
2020-03-08 00:00:00
Cuba
2020-03-08 00:00:00
Ecuador
2020-03-08 00:00:00
Guatemala
2020-03-08 00:00:00
Honduras
2020-03-08 00:00:00
Mexico
2020-03-08 00:00:00
Nicaragua
2020-03-08 00:00:00
Peru
2020-03-08 00:00:00
Dominican_Republic
2020-03-08 00:00:00
Uruguay
2020-03-08 00:00:00
Venezuela
2020-03-08 00:00:00
Bolivia
2020-03-09 00:00:00
Colombia
2020-03-09 00:00:00
Cuba
2020-03-09 00:00:00
Guatemala
2020-03-09 00:00:00
Honduras
2020-03-09 00:00:00
Nicaragua
2020-03-09 00:00:00
Paraguay
2020-03-09 00:00:00
Dominican_Republic
2020-03-09 00:00:00
Uruguay
2020-03-09 00:00:00
Venezuela
2020-03-09 00:00:00
Argentina
2020-03-10 00:00:00
Bolivia
2020-03-10 00:00:00
Cuba
2020-03-10 00:00:00
Guatemala
2020-03-10 00:00:00
Honduras
2020-03-10 00:00:00
Mexico
2020-03-10 00:00:00
Nicaragua
2020-03-10 00:00:00
Paraguay
2020-03-10 00:00:00
Uruguay
2020-03-10 00:00:00
Venezuela
2020-03-10 00:00:00
Bolivia
2020-03-11 00:00:00
Colombia
2020-03-11 00:00:00
Cuba
2020-03-11 00:00:00
Guatemala
2020-03-11 00:00:00
Honduras
2020-03-11 00:00:00
Mexico
2020-03-11 00:00:00
Nicaragua
2020-03-11 00:00:00
Dominican_Republic
2020-03-11 00:00:00
Uruguay
2020-03-11 00:00:00
Venezuela
2020-03-11 00:00:00
Argentina
2020-03-12 00:00:00
Ecuador
2020-03-12 00:00:00
Guatemala
2020-03-12 00:00:00
Nicaragua
2020-03-12 00:00:00
Paraguay
2020-03-12 00:00:00
Dominican_Republic
2020-03-12 00:00:00
Uruguay
2020-03-12 00:00:00
Venezuela
2020-03-12 00:00:00
Colombia
2020-03-13 00:00:00
Cuba
2020-03-13 00:00:00
Ecuador
2020-03-13 00:00:00
Guatemala
2020-03-13 00:00:00
Honduras
2020-03-13 00:00:00
Nicaragua
2020-03-13 00:00:00
Dominican_Republic
2020-03-13 00:00:00
Uruguay
2020-03-13 00:00:00
Venezuela
2020-03-13 00:00:00
Guatemala
2020-03-14 00:00:00
Nicaragua
2020-03-14 00:00:00
Uruguay
2020-03-14 00:00:00
Venezuela
2020-03-14 00:00:00
Honduras
2020-03-15 00:00:00
Nicaragua
2020-03-15 00:00:00
Paraguay
2020-03-15 00:00:00
Bolivia
2020-03-16 00:00:00
Cuba
2020-03-16 00:00:00
Nicaragua
2020-03-16 00:00:00
Cuba
2020-03-17 00:00:00
Nicaragua
2020-03-17 00:00:00
Nicaragua
2020-03-18 00:00:00
Venezuela
2020-06-18 00:00:00
